{"/Users/HB60UY/Desktop/quin/Quin/logic/MissingNumberLogic.ts": {"path":"/Users/HB60UY/Desktop/quin/Quin/logic/MissingNumberLogic.ts","statementMap":{"0":{"start":{"line":6,"column":24},"end":{"line":9,"column":1}},"1":{"start":{"line":7,"column":20},"end":{"line":7,"column":35}},"2":{"start":{"line":8,"column":2},"end":{"line":8,"column":41}},"3":{"start":{"line":11,"column":27},"end":{"line":33,"column":1}},"4":{"start":{"line":12,"column":2},"end":{"line":14,"column":3}},"5":{"start":{"line":13,"column":4},"end":{"line":13,"column":17}},"6":{"start":{"line":16,"column":29},"end":{"line":18,"column":3}},"7":{"start":{"line":17,"column":15},"end":{"line":17,"column":55}},"8":{"start":{"line":20,"column":2},"end":{"line":20,"column":44}},"9":{"start":{"line":21,"column":28},"end":{"line":21,"column":59}},"10":{"start":{"line":23,"column":4},"end":{"line":23,"column":52}},"11":{"start":{"line":26,"column":4},"end":{"line":30,"column":28}},"12":{"start":{"line":32,"column":2},"end":{"line":32,"column":22}},"13":{"start":{"line":35,"column":26},"end":{"line":43,"column":1}},"14":{"start":{"line":36,"column":21},"end":{"line":41,"column":8}},"15":{"start":{"line":37,"column":4},"end":{"line":39,"column":5}},"16":{"start":{"line":38,"column":6},"end":{"line":38,"column":19}},"17":{"start":{"line":40,"column":4},"end":{"line":40,"column":13}},"18":{"start":{"line":42,"column":2},"end":{"line":42,"column":20}},"19":{"start":{"line":50,"column":26},"end":{"line":60,"column":1}},"20":{"start":{"line":51,"column":2},"end":{"line":53,"column":3}},"21":{"start":{"line":52,"column":4},"end":{"line":52,"column":14}},"22":{"start":{"line":55,"column":2},"end":{"line":55,"column":28}},"23":{"start":{"line":56,"column":12},"end":{"line":56,"column":24}},"24":{"start":{"line":57,"column":25},"end":{"line":57,"column":42}},"25":{"start":{"line":58,"column":16},"end":{"line":58,"column":48}},"26":{"start":{"line":58,"column":39},"end":{"line":58,"column":44}},"27":{"start":{"line":59,"column":2},"end":{"line":59,"column":32}},"28":{"start":{"line":62,"column":16},"end":{"line":68,"column":1}},"29":{"start":{"line":63,"column":2},"end":{"line":66,"column":3}},"30":{"start":{"line":63,"column":15},"end":{"line":63,"column":27}},"31":{"start":{"line":64,"column":14},"end":{"line":64,"column":49}},"32":{"start":{"line":65,"column":4},"end":{"line":65,"column":32}},"33":{"start":{"line":67,"column":2},"end":{"line":67,"column":11}},"34":{"start":{"line":73,"column":29},"end":{"line":79,"column":1}},"35":{"start":{"line":74,"column":19},"end":{"line":74,"column":21}},"36":{"start":{"line":75,"column":2},"end":{"line":77,"column":3}},"37":{"start":{"line":75,"column":19},"end":{"line":75,"column":20}},"38":{"start":{"line":76,"column":4},"end":{"line":76,"column":27}},"39":{"start":{"line":78,"column":2},"end":{"line":78,"column":29}},"40":{"start":{"line":81,"column":27},"end":{"line":86,"column":1}}},"fnMap":{"0":{"name":"(anonymous_0)","decl":{"start":{"line":6,"column":24},"end":{"line":6,"column":25}},"loc":{"start":{"line":6,"column":33},"end":{"line":9,"column":1}},"line":6},"1":{"name":"(anonymous_1)","decl":{"start":{"line":11,"column":27},"end":{"line":11,"column":28}},"loc":{"start":{"line":11,"column":62},"end":{"line":33,"column":1}},"line":11},"2":{"name":"(anonymous_2)","decl":{"start":{"line":17,"column":4},"end":{"line":17,"column":5}},"loc":{"start":{"line":17,"column":15},"end":{"line":17,"column":55}},"line":17},"3":{"name":"(anonymous_3)","decl":{"start":{"line":35,"column":26},"end":{"line":35,"column":27}},"loc":{"start":{"line":35,"column":57},"end":{"line":43,"column":1}},"line":35},"4":{"name":"(anonymous_4)","decl":{"start":{"line":36,"column":34},"end":{"line":36,"column":35}},"loc":{"start":{"line":36,"column":55},"end":{"line":41,"column":3}},"line":36},"5":{"name":"(anonymous_5)","decl":{"start":{"line":50,"column":26},"end":{"line":50,"column":27}},"loc":{"start":{"line":50,"column":46},"end":{"line":60,"column":1}},"line":50},"6":{"name":"(anonymous_6)","decl":{"start":{"line":58,"column":29},"end":{"line":58,"column":30}},"loc":{"start":{"line":58,"column":39},"end":{"line":58,"column":44}},"line":58},"7":{"name":"(anonymous_7)","decl":{"start":{"line":62,"column":16},"end":{"line":62,"column":17}},"loc":{"start":{"line":62,"column":21},"end":{"line":68,"column":1}},"line":62},"8":{"name":"(anonymous_8)","decl":{"start":{"line":73,"column":29},"end":{"line":73,"column":30}},"loc":{"start":{"line":73,"column":38},"end":{"line":79,"column":1}},"line":73}},"branchMap":{"0":{"loc":{"start":{"line":8,"column":9},"end":{"line":8,"column":40}},"type":"binary-expr","locations":[{"start":{"line":8,"column":9},"end":{"line":8,"column":22}},{"start":{"line":8,"column":26},"end":{"line":8,"column":40}}],"line":8},"1":{"loc":{"start":{"line":12,"column":2},"end":{"line":14,"column":3}},"type":"if","locations":[{"start":{"line":12,"column":2},"end":{"line":14,"column":3}},{"start":{"line":12,"column":2},"end":{"line":14,"column":3}}],"line":12},"2":{"loc":{"start":{"line":26,"column":4},"end":{"line":30,"column":28}},"type":"binary-expr","locations":[{"start":{"line":26,"column":4},"end":{"line":26,"column":32}},{"start":{"line":27,"column":4},"end":{"line":27,"column":43}},{"start":{"line":28,"column":4},"end":{"line":28,"column":23}},{"start":{"line":29,"column":4},"end":{"line":29,"column":21}},{"start":{"line":30,"column":4},"end":{"line":30,"column":28}}],"line":26},"3":{"loc":{"start":{"line":37,"column":4},"end":{"line":39,"column":5}},"type":"if","locations":[{"start":{"line":37,"column":4},"end":{"line":39,"column":5}},{"start":{"line":37,"column":4},"end":{"line":39,"column":5}}],"line":37},"4":{"loc":{"start":{"line":51,"column":2},"end":{"line":53,"column":3}},"type":"if","locations":[{"start":{"line":51,"column":2},"end":{"line":53,"column":3}},{"start":{"line":51,"column":2},"end":{"line":53,"column":3}}],"line":51}},"s":{"0":1,"1":4,"2":4,"3":1,"4":7,"5":2,"6":5,"7":17,"8":5,"9":5,"10":5,"11":5,"12":5,"13":1,"14":5,"15":17,"16":5,"17":17,"18":5,"19":1,"20":2,"21":1,"22":1,"23":1,"24":1,"25":1,"26":5,"27":1,"28":1,"29":1,"30":1,"31":1,"32":1,"33":1,"34":1,"35":1,"36":1,"37":1,"38":2,"39":1,"40":1},"f":{"0":4,"1":7,"2":17,"3":5,"4":17,"5":2,"6":5,"7":1,"8":1},"b":{"0":[4,2],"1":[2,5],"2":[5,5,1,1,1],"3":[5,12],"4":[1,1]},"_coverageSchema":"43e27e138ebf9cfc5966b082cf9a028302ed4184","hash":"1c26f2083880c2ee02740339f62fafd88e98c6ed"}
}
