TN:
SF:/Users/HB60UY/Desktop/quin/Quin/logic/MissingNumberLogic.ts
FN:6,(anonymous_0)
FN:11,(anonymous_1)
FN:17,(anonymous_2)
FN:35,(anonymous_3)
FN:36,(anonymous_4)
FN:50,(anonymous_5)
FN:58,(anonymous_6)
FN:62,(anonymous_7)
FN:73,(anonymous_8)
FNF:9
FNH:9
FNDA:4,(anonymous_0)
FNDA:7,(anonymous_1)
FNDA:17,(anonymous_2)
FNDA:5,(anonymous_3)
FNDA:17,(anonymous_4)
FNDA:2,(anonymous_5)
FNDA:5,(anonymous_6)
FNDA:1,(anonymous_7)
FNDA:1,(anonymous_8)
DA:6,1
DA:7,4
DA:8,4
DA:11,1
DA:12,7
DA:13,2
DA:16,5
DA:17,17
DA:20,5
DA:21,5
DA:23,5
DA:26,5
DA:32,5
DA:35,1
DA:36,5
DA:37,17
DA:38,5
DA:40,17
DA:42,5
DA:50,1
DA:51,2
DA:52,1
DA:55,1
DA:56,1
DA:57,1
DA:58,5
DA:59,1
DA:62,1
DA:63,1
DA:64,1
DA:65,1
DA:67,1
DA:73,1
DA:74,1
DA:75,1
DA:76,2
DA:78,1
DA:81,1
LF:38
LH:38
BRDA:8,0,0,4
BRDA:8,0,1,2
BRDA:12,1,0,2
BRDA:12,1,1,5
BRDA:26,2,0,5
BRDA:26,2,1,5
BRDA:26,2,2,1
BRDA:26,2,3,1
BRDA:26,2,4,1
BRDA:37,3,0,5
BRDA:37,3,1,12
BRDA:51,4,0,1
BRDA:51,4,1,1
BRF:13
BRH:13
end_of_record
